2021-02-02 09:57:24,529  INFO [main] MFMUAT:60 - ************* Launching Browser *****************
2021-02-02 09:57:24,564  INFO [main] MFMUAT:66 - ************* Opening URL  *****************
2021-02-02 09:57:31,143  INFO [main] MFMUAT:73 - *********** Window Closed ************
2021-02-02 09:57:39,324  INFO [main] MFMUAT:82 -  Username Entered 
2021-02-02 09:57:42,434  INFO [main] MFMUAT:85 -  Password Entered 
2021-02-02 09:57:50,541  INFO [main] MFMUAT:93 -  User logged in Seccessfully 
2021-02-02 10:27:36,978  INFO [main] MFMUAT:60 - ************* Launching Browser *****************
2021-02-02 10:27:37,092  INFO [main] MFMUAT:66 - ************* Opening URL  *****************
2021-02-02 10:28:11,771  INFO [main] MFMUAT:73 - *********** Window Closed ************
2021-02-02 10:28:19,974  INFO [main] MFMUAT:82 -  Username Entered 
2021-02-02 10:28:23,089  INFO [main] MFMUAT:85 -  Password Entered 
2021-02-02 10:28:31,186  INFO [main] MFMUAT:93 -  User logged in Seccessfully 
2021-02-02 11:48:59,909  INFO [main] MFMUAT:60 - ************* Launching Browser *****************
2021-02-02 11:49:00,095  INFO [main] MFMUAT:66 - ************* Opening URL  *****************
2021-02-02 11:49:08,200  INFO [main] MFMUAT:73 - *********** Window Closed ************
2021-02-02 11:49:16,429  INFO [main] MFMUAT:82 -  Username Entered 
2021-02-02 11:49:19,525  INFO [main] MFMUAT:85 -  Password Entered 
2021-02-02 11:49:27,606  INFO [main] MFMUAT:93 -  User logged in Seccessfully 
2021-02-02 11:53:55,388  INFO [main] MFMUAT:60 - ************* Launching Browser *****************
2021-02-02 11:53:55,425  INFO [main] MFMUAT:66 - ************* Opening URL  *****************
2021-02-02 11:54:03,987  INFO [main] MFMUAT:73 - *********** Window Closed ************
2021-02-02 11:54:12,152  INFO [main] MFMUAT:82 -  Username Entered 
2021-02-02 11:54:15,261  INFO [main] MFMUAT:85 -  Password Entered 
2021-02-02 11:54:23,358  INFO [main] MFMUAT:93 -  User logged in Seccessfully 
2021-02-02 11:58:00,176  INFO [main] MFMUAT:60 - ************* Launching Browser *****************
2021-02-02 11:58:00,214  INFO [main] MFMUAT:66 - ************* Opening URL  *****************
2021-02-02 11:58:06,627  INFO [main] MFMUAT:73 - *********** Window Closed ************
2021-02-02 11:58:14,789  INFO [main] MFMUAT:82 -  Username Entered 
2021-02-02 11:58:17,891  INFO [main] MFMUAT:85 -  Password Entered 
2021-02-02 11:58:25,980  INFO [main] MFMUAT:93 -  User logged in Seccessfully 
2021-02-02 15:28:04,451  INFO [main] MFMUAT:60 - ************* Launching Browser *****************
2021-02-02 15:28:04,579  INFO [main] MFMUAT:66 - ************* Opening URL  *****************
2021-02-02 15:28:11,249  INFO [main] MFMUAT:73 - *********** Window Closed ************
2021-02-02 15:28:19,565  INFO [main] MFMUAT:82 -  Username Entered 
2021-02-02 15:28:22,695  INFO [main] MFMUAT:85 -  Password Entered 
2021-02-02 15:28:30,788  INFO [main] MFMUAT:93 -  User logged in Seccessfully 
2021-02-02 15:39:05,730  INFO [main] MFMUAT:60 - ************* Launching Browser *****************
2021-02-02 15:39:05,768  INFO [main] MFMUAT:67 - ************* Opening URL  *****************
2021-02-02 15:39:13,118  INFO [main] MFMUAT:76 - *********** Window Closed ************
2021-02-02 15:39:21,290  INFO [main] MFMUAT:85 -  Username Entered 
2021-02-02 15:39:24,397  INFO [main] MFMUAT:88 -  Password Entered 
2021-02-02 15:39:32,492  INFO [main] MFMUAT:96 -  User logged in Seccessfully 
